0 info it worked if it ends with ok
1 verbose cli [ '/Users/Alex/.nvm/versions/node/v6.9.2/bin/node',
1 verbose cli   '/Users/Alex/.nvm/versions/node/v6.9.2/bin/npm',
1 verbose cli   'start' ]
2 info using npm@4.0.5
3 info using node@v6.9.2
4 verbose run-script [ 'prestart', 'start', 'poststart' ]
5 info lifecycle tplink-hs100@1.0.0~prestart: tplink-hs100@1.0.0
6 silly lifecycle tplink-hs100@1.0.0~prestart: no script for prestart, continuing
7 info lifecycle tplink-hs100@1.0.0~start: tplink-hs100@1.0.0
8 verbose lifecycle tplink-hs100@1.0.0~start: unsafe-perm in lifecycle true
9 verbose lifecycle tplink-hs100@1.0.0~start: PATH: /Users/Alex/.nvm/versions/node/v6.9.2/lib/node_modules/npm/bin/node-gyp-bin:/Users/Alex/Code/tplink-hs100/node_modules/.bin:/Users/Alex/.nvm/versions/node/v6.9.2/bin:/usr/local/bin:/usr/local/sbin:/usr/local/opt/php56/bin:/usr/bin:/usr/sbin:/bin:/sbin:/Applications/Docker.app/Contents/Resources/bin:/Users/Alex/.rvm/bin:/Users/Alex/code/google-cloud-sdk/bin
10 verbose lifecycle tplink-hs100@1.0.0~start: CWD: /Users/Alex/Code/tplink-hs100
11 silly lifecycle tplink-hs100@1.0.0~start: Args: [ '-c', 'node index.js' ]
12 silly lifecycle tplink-hs100@1.0.0~start: Returned: code: 1  signal: null
13 info lifecycle tplink-hs100@1.0.0~start: Failed to exec start script
14 verbose stack Error: tplink-hs100@1.0.0 start: `node index.js`
14 verbose stack Exit status 1
14 verbose stack     at EventEmitter.<anonymous> (/Users/Alex/.nvm/versions/node/v6.9.2/lib/node_modules/npm/lib/utils/lifecycle.js:279:16)
14 verbose stack     at emitTwo (events.js:106:13)
14 verbose stack     at EventEmitter.emit (events.js:191:7)
14 verbose stack     at ChildProcess.<anonymous> (/Users/Alex/.nvm/versions/node/v6.9.2/lib/node_modules/npm/lib/utils/spawn.js:40:14)
14 verbose stack     at emitTwo (events.js:106:13)
14 verbose stack     at ChildProcess.emit (events.js:191:7)
14 verbose stack     at maybeClose (internal/child_process.js:877:16)
14 verbose stack     at Process.ChildProcess._handle.onexit (internal/child_process.js:226:5)
15 verbose pkgid tplink-hs100@1.0.0
16 verbose cwd /Users/Alex/Code/tplink-hs100
17 error Darwin 16.4.0
18 error argv "/Users/Alex/.nvm/versions/node/v6.9.2/bin/node" "/Users/Alex/.nvm/versions/node/v6.9.2/bin/npm" "start"
19 error node v6.9.2
20 error npm  v4.0.5
21 error code ELIFECYCLE
22 error tplink-hs100@1.0.0 start: `node index.js`
22 error Exit status 1
23 error Failed at the tplink-hs100@1.0.0 start script 'node index.js'.
23 error Make sure you have the latest version of node.js and npm installed.
23 error If you do, this is most likely a problem with the tplink-hs100 package,
23 error not with npm itself.
23 error Tell the author that this fails on your system:
23 error     node index.js
23 error You can get information on how to open an issue for this project with:
23 error     npm bugs tplink-hs100
23 error Or if that isn't available, you can get their info via:
23 error     npm owner ls tplink-hs100
23 error There is likely additional logging output above.
24 verbose exit [ 1, true ]
